2025-04-29 11:53:42,165 - INFO - Starting Nido Randwyck Room Availability Scraper
2025-04-29 11:53:42,166 - INFO - Monitoring URL: https://www.nidoliving.com/en-gb/netherlands/maastricht/randwyck
2025-04-29 11:53:42,167 - INFO - Base check interval: 3600 seconds (with ±10.0% variation)
2025-04-29 11:53:42,167 - INFO - Telegram notifications are disabled or not configured
2025-04-29 11:53:42,167 - INFO - Email notifications are disabled
2025-04-29 11:53:42,168 - INFO - Checking for room availability...
2025-04-29 11:53:42,805 - INFO - No rooms available yet. Website still shows as 'Sold Out'.
2025-04-29 11:53:42,814 - INFO - Sleeping for 3530 seconds before next check...
2025-04-29 11:55:27,972 - INFO - Scraper stopped by user.
2025-04-29 11:55:29,614 - INFO - Starting Nido Randwyck Room Availability Scraper
2025-04-29 11:55:29,614 - INFO - Monitoring URL: https://www.nidoliving.com/en-gb/netherlands/maastricht/randwyck
2025-04-29 11:55:29,615 - INFO - Base check interval: 3600 seconds (with ±10.0% variation)
2025-04-29 11:55:29,615 - INFO - Telegram notifications are disabled or not configured
2025-04-29 11:55:29,615 - INFO - Email notifications are disabled
2025-04-29 11:55:29,615 - INFO - Checking for room availability...
2025-04-29 11:55:29,799 - INFO - No rooms available yet. Website still shows as 'Sold Out'.
2025-04-29 11:55:29,800 - INFO - Sleeping for 3681 seconds before next check...
2025-04-29 12:03:06,209 - INFO - Scraper stopped by user.
2025-04-29 12:03:07,971 - INFO - Starting Nido Randwyck Room Availability Scraper
2025-04-29 12:03:07,972 - INFO - Monitoring URL: https://www.nidoliving.com/en-gb/netherlands/maastricht/randwyck
2025-04-29 12:03:07,972 - INFO - Base check interval: 3600 seconds (with ±10.0% variation)
2025-04-29 12:03:07,972 - INFO - Telegram notifications are enabled
2025-04-29 12:03:07,973 - INFO - Email notifications are disabled
2025-04-29 12:03:12,083 - ERROR - Failed to send Telegram notification: {"ok":false,"error_code":400,"description":"Bad Request: chat not found"}
2025-04-29 12:03:12,083 - INFO - Checking for room availability...
2025-04-29 12:03:12,732 - INFO - No rooms available yet. Website still shows as 'Sold Out'.
2025-04-29 12:03:12,733 - INFO - Sleeping for 3833 seconds before next check...
2025-04-29 12:04:54,434 - INFO - Scraper stopped by user.
2025-04-29 12:04:54,805 - ERROR - Failed to send Telegram notification: {"ok":false,"error_code":400,"description":"Bad Request: chat not found"}
2025-04-29 12:06:28,037 - INFO - Starting Nido Randwyck Room Availability Scraper
2025-04-29 12:06:28,037 - INFO - Monitoring URL: https://www.nidoliving.com/en-gb/netherlands/maastricht/randwyck
2025-04-29 12:06:28,037 - INFO - Base check interval: 3600 seconds (with ±10.0% variation)
2025-04-29 12:06:28,038 - INFO - Telegram notifications are enabled
2025-04-29 12:06:28,038 - INFO - Email notifications are disabled
2025-04-29 12:06:28,261 - INFO - Telegram notification sent successfully!
2025-04-29 12:06:28,262 - INFO - Checking for room availability...
2025-04-29 12:06:29,033 - INFO - No rooms available yet. Website still shows as 'Sold Out'.
2025-04-29 12:06:29,034 - INFO - Sleeping for 3291 seconds before next check...
2025-04-29 13:01:20,035 - INFO - Checking for room availability...
2025-04-29 13:01:20,777 - INFO - No rooms available yet. Website still shows as 'Sold Out'.
2025-04-29 13:01:20,779 - INFO - Sleeping for 3953 seconds before next check...
2025-04-29 14:07:13,784 - INFO - Checking for room availability...
2025-04-29 14:07:14,206 - INFO - No rooms available yet. Website still shows as 'Sold Out'.
2025-04-29 14:07:14,208 - INFO - Sleeping for 3334 seconds before next check...
2025-04-29 15:02:48,210 - INFO - Checking for room availability...
2025-04-29 15:02:48,538 - INFO - No rooms available yet. Website still shows as 'Sold Out'.
2025-04-29 15:02:48,539 - INFO - Sleeping for 3271 seconds before next check...
2025-04-29 15:57:19,541 - INFO - Checking for room availability...
2025-04-29 15:57:20,101 - INFO - No rooms available yet. Website still shows as 'Sold Out'.
2025-04-29 15:57:20,103 - INFO - Sleeping for 3629 seconds before next check...
2025-04-29 16:09:45,076 - INFO - Scraper stopped by user.
2025-04-29 16:09:45,311 - INFO - Telegram notification sent successfully!
